<?xml version="1.0" encoding="UTF-8"?>
<!-- Generated by org.testng.reporters.JUnitReportReporter -->
<testsuite skipped="1" hostname="Sanas-Air" name="chase.bank.tests.CreditCardsWithExtentReport" tests="3" failures="0" timestamp="18 Feb 2022 23:10:52 GMT" time="16.266" errors="0">
  <testcase name="test2" time="7.782" classname="chase.bank.tests.CreditCardsWithExtentReport"/>
  <testcase name="creditCardTestingWithExcelDataProvider" time="8.464" classname="chase.bank.tests.CreditCardsWithExtentReport">
    <skipped/>
  </testcase> <!-- creditCardTestingWithExcelDataProvider -->
  <testcase name="test1" time="0.020" classname="chase.bank.tests.CreditCardsWithExtentReport"/>
</testsuite> <!-- chase.bank.tests.CreditCardsWithExtentReport -->
