<?xml version="1.0" encoding="UTF-8"?>
<!-- Generated by org.testng.reporters.JUnitReportReporter -->
<testsuite skipped="1" hostname="Sanas-Air" name="chase.bank.tests.CreditCardsTest" tests="5" failures="0" timestamp="19 Feb 2022 21:57:41 GMT" time="143.184" errors="0">
  <testcase name="creditCardTestingWithIteratorDataProvider" time="59.595" classname="chase.bank.tests.CreditCardsTest"/>
  <testcase name="creditCardTestingWithExcelDataProvider" time="8.779" classname="chase.bank.tests.CreditCardsTest">
    <skipped/>
  </testcase> <!-- creditCardTestingWithExcelDataProvider -->
  <testcase name="testMethodApplicant1" time="6.983" classname="chase.bank.tests.CreditCardsTest"/>
  <testcase name="testMethodApplicant" time="15.049" classname="chase.bank.tests.CreditCardsTest"/>
  <testcase name="creditCardPageTest" time="52.778" classname="chase.bank.tests.CreditCardsTest"/>
</testsuite> <!-- chase.bank.tests.CreditCardsTest -->
