<?xml version="1.0" encoding="UTF-8"?>
<!-- Generated by org.testng.reporters.JUnitReportReporter -->
<testsuite hostname="Sanas-Air" failures="0" tests="1" name="chase.bank.tests.Testing" time="20.337" errors="0" timestamp="24 Jan 2022 22:31:57 GMT" skipped="0">
  <testcase classname="chase.bank.tests.Testing" name="creditCardButtonTest" time="20.337"/>
</testsuite> <!-- chase.bank.tests.Testing -->
