<?xml version="1.0" encoding="UTF-8"?>
<!-- Generated by org.testng.reporters.JUnitReportReporter -->
<testsuite hostname="Sanas-Air" failures="0" tests="1" name="chase.bank.tests.Testing" time="61.763" errors="0" timestamp="09 Feb 2022 21:44:22 GMT" skipped="0">
  <testcase classname="chase.bank.tests.Testing" name="creditCardPageTest" time="61.763"/>
</testsuite> <!-- chase.bank.tests.Testing -->
