<?xml version="1.0" encoding="UTF-8"?>
<!-- Generated by org.testng.reporters.JUnitReportReporter -->
<testsuite hostname="Sanas-Air" failures="0" tests="1" name="chase.bank.tests.Testing" time="68.863" errors="0" timestamp="16 Feb 2022 20:38:06 GMT" skipped="0">
  <testcase classname="chase.bank.tests.Testing" name="creditCardPageTest" time="68.863"/>
</testsuite> <!-- chase.bank.tests.Testing -->
