<?xml version="1.0" encoding="UTF-8"?>
<!-- Generated by org.testng.reporters.JUnitReportReporter -->
<testsuite hostname="Sanas-Air" failures="0" tests="1" name="chase.bank.tests.Test1" time="14.786" errors="0" timestamp="24 Jan 2022 21:38:38 GMT" skipped="0">
  <testcase classname="chase.bank.tests.Test1" name="testCase" time="14.786"/>
</testsuite> <!-- chase.bank.tests.Test1 -->
