<?xml version="1.0" encoding="UTF-8"?>
<!-- Generated by org.testng.reporters.JUnitReportReporter -->
<testsuite skipped="1" hostname="Sanas-Air" name="chase.bank.tests.CreditCardsWithExtentReport" tests="3" failures="0" timestamp="19 Feb 2022 21:57:41 GMT" time="13.408" errors="0">
  <testcase name="test1" time="6.905" classname="chase.bank.tests.CreditCardsWithExtentReport"/>
  <testcase name="creditCardTestingWithExcelDataProvider" time="6.501" classname="chase.bank.tests.CreditCardsWithExtentReport">
    <skipped/>
  </testcase> <!-- creditCardTestingWithExcelDataProvider -->
  <testcase name="test2" time="0.002" classname="chase.bank.tests.CreditCardsWithExtentReport"/>
</testsuite> <!-- chase.bank.tests.CreditCardsWithExtentReport -->
