<?xml version="1.0" encoding="UTF-8"?>
<!-- Generated by org.testng.reporters.JUnitReportReporter -->
<testsuite skipped="1" hostname="Sanas-Air" name="chase.bank.tests.CreditCardsTest" tests="5" failures="0" timestamp="07 Mar 2022 23:11:25 GMT" time="152.112" errors="0">
  <testcase name="testMethodApplicant" time="7.529" classname="chase.bank.tests.CreditCardsTest"/>
  <testcase name="creditCardTestingWithIteratorDataProvider" time="62.400" classname="chase.bank.tests.CreditCardsTest"/>
  <testcase name="testMethodApplicant1" time="20.237" classname="chase.bank.tests.CreditCardsTest"/>
  <testcase name="creditCardTestingWithExcelDataProvider" time="7.737" classname="chase.bank.tests.CreditCardsTest">
    <skipped/>
  </testcase> <!-- creditCardTestingWithExcelDataProvider -->
  <testcase name="creditCardPageTest" time="54.209" classname="chase.bank.tests.CreditCardsTest"/>
</testsuite> <!-- chase.bank.tests.CreditCardsTest -->
